<?xml version="1.0" encoding="UTF-8"?>
<!-- Generated by org.testng.reporters.JUnitReportReporter -->
<testsuite hostname="Garima" failures="1" tests="2" name="Cucumber.TestNGTestRunner" time="19.399" errors="0" timestamp="2024-05-05T17:16:15 IST" skipped="0">
  <testcase classname="Cucumber.TestNGTestRunner" name="runScenario" time="16.507"/>
  <testcase classname="Cucumber.TestNGTestRunner" name="runScenario" time="2.892">
    <failure message="expected [Incorrect email or password.] but found [Incorrect email password.]" type="java.lang.AssertionError">
      <![CDATA[java.lang.AssertionError: expected [Incorrect email or password.] but found [Incorrect email password.]
at org.testng.Assert.fail(Assert.java:111)
at org.testng.Assert.failNotEquals(Assert.java:1578)
at org.testng.Assert.assertEqualsImpl(Assert.java:150)
at org.testng.Assert.assertEquals(Assert.java:132)
at org.testng.Assert.assertEquals(Assert.java:656)
at org.testng.Assert.assertEquals(Assert.java:666)
at rahulshettyacademy.stepDefinitions.StepDefinitionImpl.something_message_is_displayed(StepDefinitionImpl.java:65)
at âœ½."Incorrect email password." message is displayed(file:///C:/Users/garim/eclipse-workspace/SeleniumFrameworkDesign/src/test/java/Cucumber/ErrorValidations.feature:9)
]]>
    </failure>
  </testcase> <!-- runScenario -->
</testsuite> <!-- Cucumber.TestNGTestRunner -->
